<?xml version="1.0" encoding="UTF-8"?>
<!-- Generated by org.testng.reporters.JUnitXMLReporter -->
<testsuite ignored="0" hostname="LP-TZD-0X45652" failures="0" tests="4" name="Test_case" time="173.527" errors="0" timestamp="2026-02-03T15:29:17 IST">
  <testcase classname="Package_1.TC_Ravindra" name="tc2" time="33.234"/>
  <testcase classname="Package_1.TC_Raghav" name="tc3" time="42.907"/>
  <testcase classname="Package_1.TC_Sneha" name="tc1" time="43.25"/>
  <testcase classname="Package_1.TC_Ritika" name="tc1" time="38.428"/>
</testsuite> <!-- Test_case -->
