<?xml version="1.0" encoding="UTF-8"?>
<testng-results ignored="0" total="1" passed="1" failed="0" skipped="0">
  <reporter-output>
  </reporter-output>
  <suite started-at="2026-01-31T11:22:28 IST" name="Default suite" finished-at="2026-01-31T11:23:03 IST" duration-ms="35836">
    <groups>
    </groups>
    <test started-at="2026-01-31T11:22:28 IST" name="Default test" finished-at="2026-01-31T11:23:03 IST" duration-ms="35836">
      <class name="Package_1.TC_Raghav">
        <test-method is-config="true" signature="setUp()[pri:0, instance:Package_1.TC_Raghav@77c2494c]" started-at="2026-01-31T11:22:28 IST" name="setUp" finished-at="2026-01-31T11:22:31 IST" duration-ms="2931" status="PASS">
          <reporter-output>
          </reporter-output>
        </test-method> <!-- setUp -->
        <test-method signature="tc3()[pri:0, instance:Package_1.TC_Raghav@77c2494c]" started-at="2026-01-31T11:22:31 IST" name="tc3" finished-at="2026-01-31T11:23:02 IST" duration-ms="31534" status="PASS">
          <reporter-output>
          </reporter-output>
        </test-method> <!-- tc3 -->
        <test-method is-config="true" signature="tearDown()[pri:0, instance:Package_1.TC_Raghav@77c2494c]" started-at="2026-01-31T11:23:02 IST" name="tearDown" finished-at="2026-01-31T11:23:03 IST" duration-ms="1326" status="PASS">
          <reporter-output>
          </reporter-output>
        </test-method> <!-- tearDown -->
      </class> <!-- Package_1.TC_Raghav -->
    </test> <!-- Default test -->
  </suite> <!-- Default suite -->
</testng-results>
